Log file created at: 2026/07/07 10:29:06  PID: 32972
Running on machine: 矜KING-元
Log line format: [IWEF]mmdd hh:mm:ss.uuuuuu threadid file:line] msg
I0707 10:29:06.892599 25000 code_page.cpp:268] in function[Unisound::OutputDebugPrintf], version: V1.0.1 
 
I0707 11:36:39.349009 25000 UniOneDebugToolDlg.cpp:957] in function[CUniOneDebugToolDlg::StartBurn], opening Serial Port 3 
I0707 11:36:39.351650 25000 code_page.cpp:268] in function[Unisound::OutputDebugPrintf], COM put_setting 921600, N, 8, 1 port:3 
 
I0707 11:36:39.866894 25000 UniOneDebugToolDlg.cpp:957] in function[CUniOneDebugToolDlg::StartBurn], opening Serial Port 4 
I0707 11:36:45.019043 25000 UniOneDebugToolDlg.cpp:957] in function[CUniOneDebugToolDlg::StartBurn], opening Serial Port 5 
I0707 11:36:45.021423 25000 code_page.cpp:268] in function[Unisound::OutputDebugPrintf], COM put_setting 921600, N, 8, 1 port:5 
 
I0707 11:36:50.341509 20184 code_page.cpp:268] in function[Unisound::OutputDebugPrintf], COM5 XmodermSendFile detected CCC, start send file 
 
I0707 11:36:50.342715 20184 code_page.cpp:268] in function[Unisound::OutputDebugPrintf], COM5 ReadSendFile D:\lexin\jx_firm\jx_su_03t_release_update.bin m_iTransferTimes finished 1209 
 
I0707 11:37:58.390641 20184 code_page.cpp:268] in function[Unisound::OutputDebugPrintf], COM5 xmoderm recv unknown 0xf0 
 
I0707 11:37:58.390641 20184 code_page.cpp:268] in function[Unisound::OutputDebugPrintf], COM5 xmoderm recv unknown 0xff 
 
I0707 11:37:58.683446 20184 code_page.cpp:268] in function[Unisound::OutputDebugPrintf], COM5 xmoderm recv unknown 0x00 
 
I0707 11:37:58.683446 20184 code_page.cpp:268] in function[Unisound::OutputDebugPrintf], COM5 xmoderm recv unknown 0xff 
 
I0707 11:38:05.743157 20184 code_page.cpp:268] in function[Unisound::OutputDebugPrintf], COM5 xmoderm recv unknown 0x00 
 
I0707 11:38:05.743157 20184 code_page.cpp:268] in function[Unisound::OutputDebugPrintf], COM5 xmoderm recv unknown 0xff 
 
I0707 11:38:15.958822 20184 code_page.cpp:268] in function[Unisound::OutputDebugPrintf], COM5 xmoderm recv unknown 0x00 
 
I0707 11:38:16.123767 20184 code_page.cpp:268] in function[Unisound::OutputDebugPrintf], COM5 xmoderm recv unknown 0x00 
 
I0707 11:38:16.123767 20184 code_page.cpp:268] in function[Unisound::OutputDebugPrintf], COM5 xmoderm recv unknown 0xff 
 
I0707 11:38:22.982110 20184 code_page.cpp:268] in function[Unisound::OutputDebugPrintf], COM5 xmoderm recv unknown 0x00 
 
I0707 11:38:22.982110 20184 code_page.cpp:268] in function[Unisound::OutputDebugPrintf], COM5 xmoderm recv unknown 0xff 
 
I0707 11:38:34.094901 25000 UniOneDebugToolDlg.cpp:957] in function[CUniOneDebugToolDlg::StartBurn], opening Serial Port 3 
I0707 11:38:34.094901 25000 code_page.cpp:268] in function[Unisound::OutputDebugPrintf], COM put_setting 921600, N, 8, 1 port:3 
 
I0707 11:38:34.609844 25000 UniOneDebugToolDlg.cpp:957] in function[CUniOneDebugToolDlg::StartBurn], opening Serial Port 4 
I0707 11:38:39.740077 25000 UniOneDebugToolDlg.cpp:957] in function[CUniOneDebugToolDlg::StartBurn], opening Serial Port 5 
I0707 11:38:39.742801 25000 code_page.cpp:268] in function[Unisound::OutputDebugPrintf], COM put_setting 921600, N, 8, 1 port:5 
 
I0707 11:38:40.772930 20184 code_page.cpp:268] in function[Unisound::OutputDebugPrintf], COM5 XmodermSendFile detected CCC, start send file 
 
I0707 11:38:40.773952 20184 code_page.cpp:268] in function[Unisound::OutputDebugPrintf], COM5 ReadSendFile D:\lexin\jx_firm\jx_su_03t_release_update.bin m_iTransferTimes finished 1209 
 
I0707 23:15:20.695688 25000 UniOneDebugToolDlg.cpp:957] in function[CUniOneDebugToolDlg::StartBurn], opening Serial Port 3 
I0707 23:15:20.703305 25000 code_page.cpp:268] in function[Unisound::OutputDebugPrintf], COM put_setting 921600, N, 8, 1 port:3 
 
I0707 23:15:21.216070 25000 UniOneDebugToolDlg.cpp:957] in function[CUniOneDebugToolDlg::StartBurn], opening Serial Port 4 
I0707 23:15:26.404879 25000 UniOneDebugToolDlg.cpp:957] in function[CUniOneDebugToolDlg::StartBurn], opening Serial Port 5 
I0707 23:15:26.410698 25000 code_page.cpp:268] in function[Unisound::OutputDebugPrintf], COM put_setting 921600, N, 8, 1 port:5 
 
Log file created at: 2026/07/07 23:17:33  PID: 17152
Running on machine: 矜KING-元
Log line format: [IWEF]mmdd hh:mm:ss.uuuuuu threadid file:line] msg
I0707 23:17:33.570289 10704 code_page.cpp:268] in function[Unisound::OutputDebugPrintf], version: V1.0.1 
 
I0707 23:17:37.787055 10704 UniOneDebugToolDlg.cpp:957] in function[CUniOneDebugToolDlg::StartBurn], opening Serial Port 3 
I0707 23:17:37.787055 10704 code_page.cpp:268] in function[Unisound::OutputDebugPrintf], COM put_setting 921600, N, 8, 1 port:3 
 
I0707 23:17:38.296936 10704 UniOneDebugToolDlg.cpp:957] in function[CUniOneDebugToolDlg::StartBurn], opening Serial Port 4 
I0707 23:17:43.493688 10704 UniOneDebugToolDlg.cpp:957] in function[CUniOneDebugToolDlg::StartBurn], opening Serial Port 5 
I0707 23:17:43.496744 10704 code_page.cpp:268] in function[Unisound::OutputDebugPrintf], COM put_setting 921600, N, 8, 1 port:5 
 
I0707 23:18:19.307066 25752 code_page.cpp:268] in function[Unisound::OutputDebugPrintf], COM5 XmodermSendFile detected CCC, start send file 
 
I0707 23:18:19.330896 25752 code_page.cpp:268] in function[Unisound::OutputDebugPrintf], COM5 ReadSendFile uni_app_release_update.bin m_iTransferTimes finished 1318 
 
I0707 23:30:53.141206 10704 UniOneDebugToolDlg.cpp:957] in function[CUniOneDebugToolDlg::StartBurn], opening Serial Port 3 
I0707 23:30:53.142917 10704 code_page.cpp:268] in function[Unisound::OutputDebugPrintf], COM put_setting 921600, N, 8, 1 port:3 
 
I0707 23:30:53.667052 10704 UniOneDebugToolDlg.cpp:957] in function[CUniOneDebugToolDlg::StartBurn], opening Serial Port 4 
I0707 23:30:58.857822 10704 UniOneDebugToolDlg.cpp:957] in function[CUniOneDebugToolDlg::StartBurn], opening Serial Port 5 
I0707 23:30:58.860239 10704 code_page.cpp:268] in function[Unisound::OutputDebugPrintf], COM put_setting 921600, N, 8, 1 port:5 
 
I0707 23:31:23.867544 25752 code_page.cpp:268] in function[Unisound::OutputDebugPrintf], COM5 XmodermSendFile detected CCC, start send file 
 
I0707 23:31:23.867544 25752 code_page.cpp:268] in function[Unisound::OutputDebugPrintf], COM5 ReadSendFile D:\lexin\jx_firm\jx_su_03t_release_update.bin m_iTransferTimes finished 1212 
 
