Log file created at: 2026/07/08 10:10:02  PID: 32544
Running on machine: 矜KING-元
Log line format: [IWEF]mmdd hh:mm:ss.uuuuuu threadid file:line] msg
I0708 10:10:02.307981 15664 code_page.cpp:268] in function[Unisound::OutputDebugPrintf], version: V1.0.1 
 
I0708 10:11:14.235507 15664 UniOneDebugToolDlg.cpp:957] in function[CUniOneDebugToolDlg::StartBurn], opening Serial Port 3 
I0708 10:11:14.242700 15664 code_page.cpp:268] in function[Unisound::OutputDebugPrintf], COM put_setting 921600, N, 8, 1 port:3 
 
I0708 10:11:14.755280 15664 UniOneDebugToolDlg.cpp:957] in function[CUniOneDebugToolDlg::StartBurn], opening Serial Port 4 
I0708 10:11:19.910238 15664 UniOneDebugToolDlg.cpp:957] in function[CUniOneDebugToolDlg::StartBurn], opening Serial Port 5 
I0708 10:11:19.912732 15664 code_page.cpp:268] in function[Unisound::OutputDebugPrintf], COM put_setting 921600, N, 8, 1 port:5 
 
I0708 10:12:33.495465 25524 code_page.cpp:268] in function[Unisound::OutputDebugPrintf], COM5 XmodermSendFile detected CCC, start send file 
 
I0708 10:12:33.505360 25524 code_page.cpp:268] in function[Unisound::OutputDebugPrintf], COM5 ReadSendFile D:\lexin\jx_firm\jx_su_03t_release_update.bin m_iTransferTimes finished 1233 
 
I0708 10:48:22.550334 15664 UniOneDebugToolDlg.cpp:957] in function[CUniOneDebugToolDlg::StartBurn], opening Serial Port 3 
I0708 10:48:22.550334 15664 code_page.cpp:268] in function[Unisound::OutputDebugPrintf], COM put_setting 921600, N, 8, 1 port:3 
 
I0708 10:48:23.058866 15664 UniOneDebugToolDlg.cpp:957] in function[CUniOneDebugToolDlg::StartBurn], opening Serial Port 4 
I0708 10:48:28.191836 15664 UniOneDebugToolDlg.cpp:957] in function[CUniOneDebugToolDlg::StartBurn], opening Serial Port 5 
I0708 10:48:28.191836 15664 code_page.cpp:268] in function[Unisound::OutputDebugPrintf], COM put_setting 921600, N, 8, 1 port:5 
 
I0708 10:48:37.778472 25524 code_page.cpp:268] in function[Unisound::OutputDebugPrintf], COM5 XmodermSendFile detected CCC, start send file 
 
I0708 10:48:37.778472 25524 code_page.cpp:268] in function[Unisound::OutputDebugPrintf], COM5 ReadSendFile D:\lexin\jx_firm\jx_su_03t_release_update.bin m_iTransferTimes finished 1236 
 
I0708 17:23:05.669010 15664 UniOneDebugToolDlg.cpp:957] in function[CUniOneDebugToolDlg::StartBurn], opening Serial Port 3 
I0708 17:23:05.674417 15664 code_page.cpp:268] in function[Unisound::OutputDebugPrintf], COM put_setting 921600, N, 8, 1 port:3 
 
I0708 17:23:06.191332 15664 UniOneDebugToolDlg.cpp:957] in function[CUniOneDebugToolDlg::StartBurn], opening Serial Port 4 
I0708 17:23:11.319387 15664 UniOneDebugToolDlg.cpp:957] in function[CUniOneDebugToolDlg::StartBurn], opening Serial Port 5 
I0708 17:23:11.324451 15664 code_page.cpp:268] in function[Unisound::OutputDebugPrintf], COM put_setting 921600, N, 8, 1 port:5 
 
I0708 17:23:19.909330 25524 code_page.cpp:268] in function[Unisound::OutputDebugPrintf], COM5 XmodermSendFile detected CCC, start send file 
 
I0708 17:23:19.909330 25524 code_page.cpp:268] in function[Unisound::OutputDebugPrintf], COM5 ReadSendFile D:\lexin\jx_firm\jx_su_03t_release_update.bin m_iTransferTimes finished 1244 
 
